<?xml version="1.0" encoding="UTF-8"?>
<!-- Generated by org.testng.reporters.JUnitReportReporter -->
<testsuite hostname="Halleluyas-MacBook-Pro.local" failures="0" tests="1" name="test.com.ascension.MakeADonationTest" time="88.407" errors="0" timestamp="25 May 2023 03:10:58 GMT">
  <testcase classname="test.com.ascension.MakeADonationTest" name="OpenBrowser" time="88.407"/>
</testsuite> <!-- test.com.ascension.MakeADonationTest -->
