<?xml version="1.0" encoding="UTF-8"?>
<!-- Generated by org.testng.reporters.JUnitReportReporter -->
<testsuite hostname="Halleluyas-MacBook-Pro.local" failures="0" tests="1" name="test.com.ascension.CareerTest" time="160.533" errors="0" timestamp="24 May 2023 04:38:17 GMT">
  <testcase classname="test.com.ascension.CareerTest" name="testCareers" time="160.533"/>
</testsuite> <!-- test.com.ascension.CareerTest -->
