<?xml version="1.0" encoding="UTF-8"?>
<!-- Generated by org.testng.reporters.JUnitReportReporter -->
<testsuite hostname="Halleluyas-MacBook-Pro.local" failures="0" tests="1" name="test.com.ascension.CareerTest" time="145.464" errors="0" timestamp="23 May 2023 22:27:24 GMT">
  <testcase classname="test.com.ascension.CareerTest" name="testCareers" time="145.464"/>
</testsuite> <!-- test.com.ascension.CareerTest -->
