<?xml version="1.0" encoding="UTF-8"?>
<!-- Generated by org.testng.reporters.JUnitReportReporter -->
<testsuite hostname="Halleluyas-MacBook-Pro.local" failures="0" tests="4" name="test.com.ascension.PriceTransparencyNoInsTest" time="81.964" errors="0" timestamp="23 May 2023 01:34:35 GMT">
  <testcase classname="test.com.ascension.PriceTransparencyNoInsTest" name="testPriceEstimator" time="41.847"/>
  <testcase classname="test.com.ascension.PriceTransparencyNoInsTest" name="testPriceTransparencyPage" time="8.346"/>
  <testcase classname="test.com.ascension.PriceTransparencyNoInsTest" name="testAscensionHomepage" time="23.310"/>
  <testcase classname="test.com.ascension.PriceTransparencyNoInsTest" name="testPriceEstimatorPage" time="8.461"/>
</testsuite> <!-- test.com.ascension.PriceTransparencyNoInsTest -->
