<?xml version="1.0" encoding="UTF-8"?>
<!-- Generated by org.testng.reporters.JUnitReportReporter -->
<testsuite hostname="Halleluyas-MacBook-Pro.local" failures="0" tests="1" name="test.com.ascension.MakeADonationTest" time="98.251" errors="0" timestamp="23 May 2023 03:18:08 GMT">
  <testcase classname="test.com.ascension.MakeADonationTest" name="OpenBrowser" time="98.251"/>
</testsuite> <!-- test.com.ascension.MakeADonationTest -->
