<?xml version="1.0" encoding="UTF-8"?>
<!-- Generated by org.testng.reporters.JUnitReportReporter -->
<testsuite hostname="Halleluyas-MacBook-Pro.local" failures="0" tests="1" name="test.com.ascension.SpecialtyCareTest" time="54.258" errors="0" timestamp="23 May 2023 02:09:53 GMT">
  <testcase classname="test.com.ascension.SpecialtyCareTest" name="testSpecialtyCare" time="54.258"/>
</testsuite> <!-- test.com.ascension.SpecialtyCareTest -->
