<?xml version="1.0" encoding="UTF-8"?>
<!-- Generated by org.testng.reporters.JUnitReportReporter -->
<testsuite hostname="Halleluyas-MacBook-Pro.local" failures="0" tests="1" name="test.com.ascension.FindALocationTest" time="68.571" errors="0" timestamp="23 May 2023 01:34:35 GMT">
  <testcase classname="test.com.ascension.FindALocationTest" name="testfindaLocation" time="68.571"/>
</testsuite> <!-- test.com.ascension.FindALocationTest -->
