<?xml version="1.0" encoding="UTF-8"?>
<!-- Generated by org.testng.reporters.JUnitReportReporter -->
<testsuite hostname="Halleluyas-MacBook-Pro.local" failures="0" tests="1" name="test.com.ascension.CareerTest" time="80.593" errors="0" timestamp="23 May 2023 01:34:35 GMT">
  <testcase classname="test.com.ascension.CareerTest" name="testCareer" time="80.593"/>
</testsuite> <!-- test.com.ascension.CareerTest -->
