<?xml version="1.0" encoding="UTF-8"?>
<!-- Generated by org.testng.reporters.JUnitReportReporter -->
<testsuite hostname="Halleluyas-MacBook-Pro.local" failures="0" tests="1" name="test.com.ascension.BillPayTest" time="52.574" errors="0" timestamp="24 May 2023 05:31:11 GMT">
  <testcase classname="test.com.ascension.BillPayTest" name="testBillPay" time="52.574"/>
</testsuite> <!-- test.com.ascension.BillPayTest -->
