<?xml version="1.0" encoding="UTF-8"?>
<!-- Generated by org.testng.reporters.JUnitReportReporter -->
<testsuite hostname="Halleluyas-MacBook-Pro.local" failures="0" tests="1" name="test.com.ascension.PriceTransparencyInsTest" time="83.241" errors="0" timestamp="24 May 2023 04:38:17 GMT">
  <testcase classname="test.com.ascension.PriceTransparencyInsTest" name="testAscensionHomepage" time="83.241"/>
</testsuite> <!-- test.com.ascension.PriceTransparencyInsTest -->
