<?xml version="1.0" encoding="UTF-8"?>
<!-- Generated by org.testng.reporters.JUnitReportReporter -->
<testsuite hostname="Halleluyas-MacBook-Pro.local" failures="0" tests="4" name="test.com.ascension.PriceTransparencyNoInsTest" time="81.529" errors="0" timestamp="24 May 2023 04:38:17 GMT">
  <testcase classname="test.com.ascension.PriceTransparencyNoInsTest" name="testAscensionHomepage" time="12.215"/>
  <testcase classname="test.com.ascension.PriceTransparencyNoInsTest" name="testPriceEstimator" time="43.935"/>
  <testcase classname="test.com.ascension.PriceTransparencyNoInsTest" name="testPriceEstimatorPage" time="8.703"/>
  <testcase classname="test.com.ascension.PriceTransparencyNoInsTest" name="testPriceTransparencyPage" time="16.676"/>
</testsuite> <!-- test.com.ascension.PriceTransparencyNoInsTest -->
