<?xml version="1.0" encoding="UTF-8"?>
<!-- Generated by org.testng.reporters.JUnitReportReporter -->
<testsuite hostname="Halleluyas-MacBook-Pro.local" failures="0" tests="1" name="test.com.ascension.pageobject.PriceTransparencyPOTest" time="82.850" errors="0" timestamp="24 May 2023 04:38:17 GMT">
  <testcase classname="test.com.ascension.pageobject.PriceTransparencyPOTest" name="executePriceTransparencyPOModule" time="82.850"/>
</testsuite> <!-- test.com.ascension.pageobject.PriceTransparencyPOTest -->
